Tue, 01 Dec 2020 14:50:24 GMT 163 ::1 OPTIONS /security/restp/login - RC: 404 6.714 ms
Tue, 01 Dec 2020 14:52:28 GMT 163 ::1 OPTIONS /security/restp/login - RC: 404 35358.990 ms
Tue, 01 Dec 2020 14:54:35 GMT 163 ::1 OPTIONS /security/restp/login - RC: 404 2104.852 ms
Tue, 01 Dec 2020 14:58:22 GMT 163 ::1 OPTIONS /security/restp/login - RC: 404 178805.455 ms
Tue, 01 Dec 2020 15:07:16 GMT 163 ::1 OPTIONS /security/restp/login - RC: 404 3141.450 ms
Tue, 01 Dec 2020 15:08:28 GMT 163 ::1 OPTIONS /security/restp/login - RC: 404 2629.532 ms
Tue, 01 Dec 2020 15:09:09 GMT 163 ::1 OPTIONS /security/restp/login - RC: 404 3882.398 ms
Tue, 01 Dec 2020 15:09:45 GMT 163 ::1 OPTIONS /security/restp/login - RC: 404 7.048 ms
Tue, 01 Dec 2020 15:32:12 GMT - ::1 OPTIONS /security/restp/login - RC: 500 4.488 ms
Tue, 01 Dec 2020 15:32:12 GMT 160 ::1 POST /security/restp/login - RC: 404 4.745 ms
Tue, 01 Dec 2020 15:32:17 GMT - ::1 OPTIONS /security/restp/login - RC: 500 1.208 ms
Tue, 01 Dec 2020 15:32:17 GMT 160 ::1 POST /security/restp/login - RC: 404 1.919 ms
Tue, 01 Dec 2020 15:32:53 GMT - ::1 OPTIONS /security/restp/login - RC: 500 4.680 ms
Tue, 01 Dec 2020 15:32:53 GMT 160 ::1 POST /security/restp/login - RC: 404 3.609 ms
Tue, 01 Dec 2020 15:34:03 GMT - ::1 OPTIONS /security/restp/login - RC: 204 4.648 ms
Tue, 01 Dec 2020 15:34:03 GMT 160 ::1 POST /security/restp/login - RC: 404 4.436 ms
Tue, 01 Dec 2020 15:34:09 GMT - ::1 OPTIONS /security/restp/login - RC: 204 0.766 ms
Tue, 01 Dec 2020 15:34:09 GMT 160 ::1 POST /security/restp/login - RC: 404 1.193 ms
Tue, 01 Dec 2020 15:36:17 GMT 21 ::1 OPTIONS /security/restp/login - RC: 500 5.026 ms
Tue, 01 Dec 2020 15:36:21 GMT 21 ::1 OPTIONS /security/restp/login - RC: 500 0.823 ms
Tue, 01 Dec 2020 15:37:16 GMT 21 ::1 OPTIONS /security/restp/login - RC: 500 8057.367 ms
Tue, 01 Dec 2020 15:37:40 GMT 21 ::1 OPTIONS /security/restp/login - RC: 500 2165.349 ms
Tue, 01 Dec 2020 15:37:56 GMT 2 ::1 OPTIONS /security/restp/login - RC: 200 2314.124 ms
Tue, 01 Dec 2020 15:38:01 GMT 160 ::1 POST /security/restp/login - RC: 404 4762.329 ms
Tue, 01 Dec 2020 15:41:41 GMT 163 ::1 OPTIONS /security/restp/login - RC: 404 8.854 ms
Tue, 01 Dec 2020 15:41:56 GMT 4 ::1 OPTIONS /security/rest/p/login - RC: 200 3.827 ms
Tue, 01 Dec 2020 15:41:56 GMT 87 ::1 POST /security/rest/p/login - RC: 200 304.122 ms
Tue, 01 Dec 2020 15:45:57 GMT 4 ::1 OPTIONS /security/rest/p/login - RC: 200 0.398 ms
Tue, 01 Dec 2020 15:45:57 GMT 87 ::1 POST /security/rest/p/login - RC: 200 22.702 ms
Tue, 01 Dec 2020 16:00:52 GMT 4 ::1 OPTIONS /security/rest/p/login - RC: 200 0.359 ms
Tue, 01 Dec 2020 16:00:52 GMT 87 ::1 POST /security/rest/p/login - RC: 200 12.949 ms
Tue, 01 Dec 2020 16:01:17 GMT 4 ::1 OPTIONS /security/rest/p/login - RC: 200 0.496 ms
Tue, 01 Dec 2020 16:01:17 GMT 87 ::1 POST /security/rest/p/login - RC: 200 15.025 ms
Tue, 01 Dec 2020 16:04:16 GMT 4 ::1 OPTIONS /security/rest/p/login - RC: 200 0.511 ms
Tue, 01 Dec 2020 16:04:16 GMT 87 ::1 POST /security/rest/p/login - RC: 200 16.721 ms
Tue, 01 Dec 2020 16:29:25 GMT 4 ::1 OPTIONS /security/rest/p/login - RC: 200 1.138 ms
Tue, 01 Dec 2020 16:29:26 GMT 87 ::1 POST /security/rest/p/login - RC: 200 587.314 ms
Tue, 01 Dec 2020 16:31:42 GMT 4 ::1 OPTIONS /security/rest/p/login - RC: 200 0.861 ms
Tue, 01 Dec 2020 16:31:43 GMT 87 ::1 POST /security/rest/p/login - RC: 200 69.416 ms
Tue, 01 Dec 2020 16:33:35 GMT 4 ::1 OPTIONS /security/rest/p/login - RC: 200 0.842 ms
Tue, 01 Dec 2020 16:33:35 GMT 87 ::1 POST /security/rest/p/login - RC: 200 13.117 ms
Wed, 02 Dec 2020 07:47:04 GMT 4 ::1 OPTIONS /security/rest/p/login - RC: 200 5.913 ms
Wed, 02 Dec 2020 07:47:19 GMT 105 ::1 POST /security/rest/p/login - RC: 200 14232.899 ms
Wed, 02 Dec 2020 12:21:04 GMT 4 ::1 OPTIONS /security/rest/p/login - RC: 200 1.008 ms
Wed, 02 Dec 2020 12:21:04 GMT 105 ::1 POST /security/rest/p/login - RC: 200 139.595 ms
Wed, 02 Dec 2020 13:45:37 GMT 4 ::1 OPTIONS /security/rest/p/login - RC: 200 1.124 ms
Wed, 02 Dec 2020 13:45:37 GMT 105 ::1 POST /security/rest/p/login - RC: 200 210.738 ms
Wed, 02 Dec 2020 16:21:31 GMT 4 ::1 OPTIONS /security/rest/p/login - RC: 200 5.705 ms
Wed, 02 Dec 2020 16:21:31 GMT 105 ::1 POST /security/rest/p/login - RC: 200 100.856 ms
Thu, 03 Dec 2020 07:37:28 GMT 4 ::1 OPTIONS /security/rest/p/login - RC: 200 42.244 ms
Thu, 03 Dec 2020 07:37:29 GMT 105 ::1 POST /security/rest/p/login - RC: 200 432.552 ms
Thu, 03 Dec 2020 09:32:51 GMT 4 ::1 OPTIONS /security/rest/p/login - RC: 200 0.683 ms
Thu, 03 Dec 2020 09:32:51 GMT 105 ::1 POST /security/rest/p/login - RC: 200 358.834 ms
Thu, 03 Dec 2020 11:43:08 GMT 4 ::1 OPTIONS /security/rest/p/login - RC: 200 0.666 ms
Thu, 03 Dec 2020 11:43:08 GMT 105 ::1 POST /security/rest/p/login - RC: 200 195.210 ms
Thu, 03 Dec 2020 11:59:06 GMT 4 ::1 OPTIONS /security/rest/p/login - RC: 200 6.205 ms
Thu, 03 Dec 2020 11:59:06 GMT 105 ::1 POST /security/rest/p/login - RC: 200 114.392 ms
Thu, 03 Dec 2020 12:59:32 GMT 4 ::1 OPTIONS /security/rest/p/login - RC: 200 0.980 ms
Thu, 03 Dec 2020 12:59:32 GMT 105 ::1 POST /security/rest/p/login - RC: 200 409.590 ms
Thu, 03 Dec 2020 14:08:10 GMT 4 ::1 OPTIONS /security/rest/p/login - RC: 200 1.075 ms
Thu, 03 Dec 2020 14:08:10 GMT 105 ::1 POST /security/rest/p/login - RC: 200 20.499 ms
Thu, 03 Dec 2020 14:45:22 GMT 4 ::1 OPTIONS /security/rest/p/login - RC: 200 0.807 ms
Thu, 03 Dec 2020 14:45:22 GMT 105 ::1 POST /security/rest/p/login - RC: 200 111.520 ms
Thu, 03 Dec 2020 14:55:42 GMT 4 ::1 OPTIONS /security/rest/p/login - RC: 200 0.795 ms
Thu, 03 Dec 2020 14:55:42 GMT 105 ::1 POST /security/rest/p/login - RC: 200 12.741 ms
Thu, 03 Dec 2020 16:21:09 GMT 4 ::1 OPTIONS /security/rest/p/login - RC: 200 0.693 ms
Thu, 03 Dec 2020 16:21:09 GMT 105 ::1 POST /security/rest/p/login - RC: 200 181.642 ms
Sat, 05 Dec 2020 16:45:20 GMT 4 ::1 OPTIONS /security/rest/p/login - RC: 200 5.539 ms
Sat, 05 Dec 2020 16:45:20 GMT 89 ::1 POST /security/rest/p/login - RC: 200 53.153 ms
Sat, 05 Dec 2020 16:47:24 GMT 4 ::1 OPTIONS /security/rest/p/login - RC: 200 8.325 ms
Sat, 05 Dec 2020 16:48:08 GMT 4 ::1 OPTIONS /security/rest/p/login - RC: 200 4.434 ms
Sat, 05 Dec 2020 16:49:14 GMT 4 ::1 OPTIONS /security/rest/p/login - RC: 200 8.622 ms
Sat, 05 Dec 2020 16:49:55 GMT 105 ::1 POST /security/rest/p/login - RC: 200 40904.999 ms
Sat, 05 Dec 2020 16:50:54 GMT 4 ::1 OPTIONS /security/rest/p/login - RC: 200 5.858 ms
Sat, 05 Dec 2020 16:51:12 GMT 105 ::1 POST /security/rest/p/login - RC: 200 17997.710 ms
Sat, 05 Dec 2020 16:57:01 GMT 4 ::1 OPTIONS /security/rest/p/login - RC: 200 1.542 ms
Sat, 05 Dec 2020 16:57:14 GMT 105 ::1 POST /security/rest/p/login - RC: 200 12326.982 ms
Sun, 06 Dec 2020 10:42:33 GMT 4 ::ffff:127.0.0.1 OPTIONS /security/rest/p/login - RC: 200 1.958 ms
Sun, 06 Dec 2020 10:42:33 GMT 105 ::ffff:127.0.0.1 POST /security/rest/p/login - RC: 200 24.230 ms
Sun, 06 Dec 2020 10:48:34 GMT 4 ::ffff:127.0.0.1 OPTIONS /security/rest/p/login - RC: 200 0.493 ms
Sun, 06 Dec 2020 10:48:34 GMT 105 ::ffff:127.0.0.1 POST /security/rest/p/login - RC: 200 3.232 ms
Sun, 06 Dec 2020 10:49:13 GMT 4 ::1 OPTIONS /security/rest/p/login - RC: 200 1.245 ms
Sun, 06 Dec 2020 10:49:13 GMT 105 ::1 POST /security/rest/p/login - RC: 200 10.988 ms
Sun, 06 Dec 2020 10:55:41 GMT 4 ::1 OPTIONS /security/rest/p/login - RC: 200 0.510 ms
Sun, 06 Dec 2020 10:55:41 GMT 105 ::1 POST /security/rest/p/login - RC: 200 3.930 ms
Sun, 06 Dec 2020 10:58:10 GMT 4 ::1 OPTIONS /security/rest/p/login - RC: 200 0.300 ms
Sun, 06 Dec 2020 10:58:10 GMT 105 ::1 POST /security/rest/p/login - RC: 200 2.423 ms
Sun, 06 Dec 2020 10:58:31 GMT 4 ::1 OPTIONS /security/rest/p/login - RC: 200 0.830 ms
Sun, 06 Dec 2020 10:58:31 GMT 105 ::1 POST /security/rest/p/login - RC: 200 7.711 ms
Sun, 06 Dec 2020 10:59:38 GMT 4 ::1 OPTIONS /security/rest/p/login - RC: 200 0.742 ms
Sun, 06 Dec 2020 10:59:38 GMT 105 ::1 POST /security/rest/p/login - RC: 200 10.451 ms
Sun, 06 Dec 2020 11:00:14 GMT 4 ::1 OPTIONS /security/rest/p/logout - RC: 200 0.290 ms
Sun, 06 Dec 2020 11:01:37 GMT 4 ::1 OPTIONS /security/rest/p/login - RC: 200 0.850 ms
Sun, 06 Dec 2020 11:01:37 GMT 105 ::1 POST /security/rest/p/login - RC: 200 10.571 ms
Sun, 06 Dec 2020 11:01:56 GMT 4 ::1 OPTIONS /security/rest/p/logout - RC: 200 1.092 ms
Sun, 06 Dec 2020 11:02:14 GMT - ::1 POST /security/rest/p/logout - RC: - - ms
Sun, 06 Dec 2020 11:03:56 GMT - ::1 POST /security/rest/p/logout - RC: - - ms
Sun, 06 Dec 2020 11:04:13 GMT 4 ::1 OPTIONS /security/rest/p/login - RC: 200 2.450 ms
Sun, 06 Dec 2020 11:04:13 GMT 105 ::1 POST /security/rest/p/login - RC: 200 10.633 ms
Sun, 06 Dec 2020 11:06:33 GMT 4 ::1 OPTIONS /security/rest/p/logout - RC: 200 0.377 ms
Sun, 06 Dec 2020 11:07:25 GMT 4 ::1 OPTIONS /security/rest/p/login - RC: 200 0.247 ms
Sun, 06 Dec 2020 11:07:28 GMT 105 ::1 POST /security/rest/p/login - RC: 200 2787.070 ms
Sun, 06 Dec 2020 11:07:34 GMT 4 ::1 OPTIONS /security/rest/p/logout - RC: 200 0.258 ms
Sun, 06 Dec 2020 11:08:33 GMT - ::1 POST /security/rest/p/logout - RC: - - ms
Sun, 06 Dec 2020 11:09:34 GMT - ::1 POST /security/rest/p/logout - RC: - - ms
Sun, 06 Dec 2020 11:09:53 GMT 4 ::1 OPTIONS /security/rest/p/login - RC: 200 7.232 ms
Sun, 06 Dec 2020 11:09:58 GMT 105 ::1 POST /security/rest/p/login - RC: 200 5235.707 ms
Sun, 06 Dec 2020 11:10:05 GMT 4 ::1 OPTIONS /security/rest/p/logout - RC: 200 0.572 ms
Sun, 06 Dec 2020 11:10:07 GMT 51 ::1 POST /security/rest/p/logout - RC: 200 1851.533 ms
Sun, 06 Dec 2020 11:24:08 GMT 4 ::1 OPTIONS /security/rest/p/login - RC: 200 2.044 ms
Sun, 06 Dec 2020 11:24:08 GMT 105 ::1 POST /security/rest/p/login - RC: 200 24.799 ms
Sun, 06 Dec 2020 11:24:19 GMT 4 ::1 OPTIONS /security/rest/p/logout - RC: 200 0.370 ms
Sun, 06 Dec 2020 11:24:23 GMT 51 ::1 POST /security/rest/p/logout - RC: 200 4830.597 ms
Sun, 06 Dec 2020 11:26:21 GMT 4 ::1 OPTIONS /security/rest/p/login - RC: 200 1.345 ms
Sun, 06 Dec 2020 11:26:21 GMT 105 ::1 POST /security/rest/p/login - RC: 200 25.296 ms
Sun, 06 Dec 2020 11:26:35 GMT 4 ::1 OPTIONS /security/rest/p/logout - RC: 200 0.337 ms
Sun, 06 Dec 2020 11:26:35 GMT 51 ::1 POST /security/rest/p/logout - RC: 200 2.603 ms
Sun, 06 Dec 2020 13:39:42 GMT 4 ::1 OPTIONS /security/rest/p/login - RC: 200 0.824 ms
Sun, 06 Dec 2020 13:39:42 GMT 105 ::1 POST /security/rest/p/login - RC: 200 7.310 ms
Sun, 06 Dec 2020 13:40:48 GMT 4 ::1 OPTIONS /security/rest/p/logout - RC: 200 0.216 ms
Sun, 06 Dec 2020 13:40:48 GMT 51 ::1 POST /security/rest/p/logout - RC: 200 2.603 ms
Sun, 06 Dec 2020 13:50:04 GMT 4 ::1 OPTIONS /security/rest/p/login - RC: 200 0.853 ms
Sun, 06 Dec 2020 13:50:04 GMT 105 ::1 POST /security/rest/p/login - RC: 200 9.373 ms
