Tue, 01 Dec 2020 16:03:55 GMT 8 ::1 OPTIONS /therm/rest/getSensorData - RC: 200 1.407 ms
Tue, 01 Dec 2020 16:03:55 GMT 8 ::1 OPTIONS /therm/rest/getReleData - RC: 200 0.711 ms
Tue, 01 Dec 2020 16:03:57 GMT 594 ::1 GET /therm/rest/getSensorData - RC: 200 1792.922 ms
Tue, 01 Dec 2020 16:03:57 GMT 1833 ::1 GET /therm/rest/getReleData - RC: 200 2087.744 ms
Tue, 01 Dec 2020 16:04:17 GMT 8 ::1 OPTIONS /therm/rest/getSensorData - RC: 200 0.523 ms
Tue, 01 Dec 2020 16:04:17 GMT 8 ::1 OPTIONS /therm/rest/getReleData - RC: 200 0.317 ms
Tue, 01 Dec 2020 16:04:18 GMT 594 ::1 GET /therm/rest/getSensorData - RC: 200 1258.513 ms
Tue, 01 Dec 2020 16:04:19 GMT 1833 ::1 GET /therm/rest/getReleData - RC: 200 1537.213 ms
Tue, 01 Dec 2020 16:04:48 GMT 8 ::1 OPTIONS /therm/rest/getSensorData - RC: 200 0.365 ms
Tue, 01 Dec 2020 16:04:49 GMT 8 ::1 OPTIONS /therm/rest/getReleData - RC: 200 0.394 ms
Tue, 01 Dec 2020 16:04:50 GMT 594 ::1 GET /therm/rest/getSensorData - RC: 200 1277.197 ms
Tue, 01 Dec 2020 16:04:50 GMT 1833 ::1 GET /therm/rest/getReleData - RC: 200 1556.136 ms
Tue, 01 Dec 2020 16:05:20 GMT 8 ::1 OPTIONS /therm/rest/getSensorData - RC: 200 0.367 ms
Tue, 01 Dec 2020 16:05:20 GMT 8 ::1 OPTIONS /therm/rest/getReleData - RC: 200 0.388 ms
Tue, 01 Dec 2020 16:05:20 GMT 594 ::1 GET /therm/rest/getSensorData - RC: 200 820.170 ms
Tue, 01 Dec 2020 16:05:21 GMT 1833 ::1 GET /therm/rest/getReleData - RC: 200 1132.302 ms
Tue, 01 Dec 2020 16:05:50 GMT 8 ::1 OPTIONS /therm/rest/getSensorData - RC: 200 0.388 ms
Tue, 01 Dec 2020 16:05:51 GMT 594 ::1 GET /therm/rest/getSensorData - RC: 200 807.656 ms
Tue, 01 Dec 2020 16:05:51 GMT 8 ::1 OPTIONS /therm/rest/getReleData - RC: 200 0.431 ms
Tue, 01 Dec 2020 16:05:52 GMT 1833 ::1 GET /therm/rest/getReleData - RC: 200 1177.987 ms
Tue, 01 Dec 2020 16:06:21 GMT 8 ::1 OPTIONS /therm/rest/getSensorData - RC: 200 0.386 ms
Tue, 01 Dec 2020 16:06:22 GMT 8 ::1 OPTIONS /therm/rest/getReleData - RC: 200 0.458 ms
Tue, 01 Dec 2020 16:06:23 GMT 594 ::1 GET /therm/rest/getSensorData - RC: 200 1481.996 ms
Tue, 01 Dec 2020 16:06:24 GMT 1833 ::1 GET /therm/rest/getReleData - RC: 200 1306.483 ms
Tue, 01 Dec 2020 16:06:53 GMT 8 ::1 OPTIONS /therm/rest/getSensorData - RC: 200 0.460 ms
Tue, 01 Dec 2020 16:06:54 GMT 594 ::1 GET /therm/rest/getSensorData - RC: 200 930.297 ms
Tue, 01 Dec 2020 16:06:54 GMT 8 ::1 OPTIONS /therm/rest/getReleData - RC: 200 0.458 ms
Tue, 01 Dec 2020 16:06:55 GMT 1833 ::1 GET /therm/rest/getReleData - RC: 200 1196.971 ms
Tue, 01 Dec 2020 16:07:24 GMT 8 ::1 OPTIONS /therm/rest/getSensorData - RC: 200 0.385 ms
Tue, 01 Dec 2020 16:07:25 GMT 594 ::1 GET /therm/rest/getSensorData - RC: 200 815.878 ms
Tue, 01 Dec 2020 16:07:25 GMT 8 ::1 OPTIONS /therm/rest/getReleData - RC: 200 0.412 ms
Tue, 01 Dec 2020 16:07:26 GMT 1833 ::1 GET /therm/rest/getReleData - RC: 200 1340.758 ms
Tue, 01 Dec 2020 16:07:55 GMT 8 ::1 OPTIONS /therm/rest/getSensorData - RC: 200 0.475 ms
Tue, 01 Dec 2020 16:07:55 GMT 594 ::1 GET /therm/rest/getSensorData - RC: 200 826.853 ms
Tue, 01 Dec 2020 16:07:56 GMT 8 ::1 OPTIONS /therm/rest/getReleData - RC: 200 0.420 ms
Tue, 01 Dec 2020 16:07:58 GMT 1833 ::1 GET /therm/rest/getReleData - RC: 200 1310.019 ms
Tue, 01 Dec 2020 16:08:25 GMT 8 ::1 OPTIONS /therm/rest/getSensorData - RC: 200 9.692 ms
Tue, 01 Dec 2020 16:08:26 GMT 594 ::1 GET /therm/rest/getSensorData - RC: 200 837.694 ms
Tue, 01 Dec 2020 16:08:28 GMT 8 ::1 OPTIONS /therm/rest/getReleData - RC: 200 0.726 ms
Tue, 01 Dec 2020 16:08:29 GMT 1833 ::1 GET /therm/rest/getReleData - RC: 200 1193.843 ms
Tue, 01 Dec 2020 16:08:56 GMT 8 ::1 OPTIONS /therm/rest/getSensorData - RC: 200 0.370 ms
Tue, 01 Dec 2020 16:08:57 GMT 594 ::1 GET /therm/rest/getSensorData - RC: 200 864.287 ms
Tue, 01 Dec 2020 16:08:59 GMT 8 ::1 OPTIONS /therm/rest/getReleData - RC: 200 0.350 ms
Tue, 01 Dec 2020 16:09:00 GMT 1833 ::1 GET /therm/rest/getReleData - RC: 200 1237.443 ms
Tue, 01 Dec 2020 16:09:27 GMT 8 ::1 OPTIONS /therm/rest/getSensorData - RC: 200 0.342 ms
Tue, 01 Dec 2020 16:09:28 GMT 594 ::1 GET /therm/rest/getSensorData - RC: 200 824.961 ms
Tue, 01 Dec 2020 16:09:30 GMT 8 ::1 OPTIONS /therm/rest/getReleData - RC: 200 0.498 ms
Tue, 01 Dec 2020 16:09:31 GMT 1833 ::1 GET /therm/rest/getReleData - RC: 200 1215.770 ms
Tue, 01 Dec 2020 16:09:58 GMT 8 ::1 OPTIONS /therm/rest/getSensorData - RC: 200 0.365 ms
Tue, 01 Dec 2020 16:09:59 GMT 594 ::1 GET /therm/rest/getSensorData - RC: 200 831.358 ms
Tue, 01 Dec 2020 16:10:01 GMT 8 ::1 OPTIONS /therm/rest/getReleData - RC: 200 0.465 ms
Tue, 01 Dec 2020 16:10:03 GMT 1833 ::1 GET /therm/rest/getReleData - RC: 200 1240.201 ms
Tue, 01 Dec 2020 16:10:29 GMT 8 ::1 OPTIONS /therm/rest/getSensorData - RC: 200 0.351 ms
Tue, 01 Dec 2020 16:10:30 GMT 594 ::1 GET /therm/rest/getSensorData - RC: 200 826.896 ms
Tue, 01 Dec 2020 16:10:33 GMT 8 ::1 OPTIONS /therm/rest/getReleData - RC: 200 0.376 ms
Tue, 01 Dec 2020 16:10:35 GMT 1833 ::1 GET /therm/rest/getReleData - RC: 200 1954.594 ms
Tue, 01 Dec 2020 16:11:00 GMT 8 ::1 OPTIONS /therm/rest/getSensorData - RC: 200 0.366 ms
Tue, 01 Dec 2020 16:11:00 GMT 594 ::1 GET /therm/rest/getSensorData - RC: 200 824.522 ms
Tue, 01 Dec 2020 16:11:05 GMT 8 ::1 OPTIONS /therm/rest/getReleData - RC: 200 0.433 ms
Tue, 01 Dec 2020 16:11:06 GMT 1833 ::1 GET /therm/rest/getReleData - RC: 200 1119.299 ms
Tue, 01 Dec 2020 16:11:31 GMT 8 ::1 OPTIONS /therm/rest/getSensorData - RC: 200 0.420 ms
Tue, 01 Dec 2020 16:11:32 GMT 594 ::1 GET /therm/rest/getSensorData - RC: 200 1493.070 ms
Tue, 01 Dec 2020 16:11:36 GMT 8 ::1 OPTIONS /therm/rest/getReleData - RC: 200 0.377 ms
Tue, 01 Dec 2020 16:11:37 GMT 1833 ::1 GET /therm/rest/getReleData - RC: 200 1111.460 ms
Tue, 01 Dec 2020 16:12:02 GMT 8 ::1 OPTIONS /therm/rest/getSensorData - RC: 200 0.318 ms
Tue, 01 Dec 2020 16:12:03 GMT 594 ::1 GET /therm/rest/getSensorData - RC: 200 814.848 ms
Tue, 01 Dec 2020 16:12:07 GMT 8 ::1 OPTIONS /therm/rest/getReleData - RC: 200 0.389 ms
Tue, 01 Dec 2020 16:12:08 GMT 1833 ::1 GET /therm/rest/getReleData - RC: 200 1104.270 ms
Tue, 01 Dec 2020 16:12:33 GMT 8 ::1 OPTIONS /therm/rest/getSensorData - RC: 200 0.334 ms
Tue, 01 Dec 2020 16:12:34 GMT 594 ::1 GET /therm/rest/getSensorData - RC: 200 920.041 ms
Tue, 01 Dec 2020 16:12:38 GMT 8 ::1 OPTIONS /therm/rest/getReleData - RC: 200 0.483 ms
Tue, 01 Dec 2020 16:12:39 GMT 1833 ::1 GET /therm/rest/getReleData - RC: 200 1123.245 ms
Tue, 01 Dec 2020 16:13:04 GMT 8 ::1 OPTIONS /therm/rest/getSensorData - RC: 200 0.321 ms
Tue, 01 Dec 2020 16:13:05 GMT 594 ::1 GET /therm/rest/getSensorData - RC: 200 825.897 ms
Tue, 01 Dec 2020 16:13:11 GMT 8 ::1 OPTIONS /therm/rest/getReleData - RC: 200 0.461 ms
Tue, 01 Dec 2020 16:13:17 GMT 1833 ::1 GET /therm/rest/getReleData - RC: 200 1120.516 ms
Tue, 01 Dec 2020 16:13:35 GMT 8 ::1 OPTIONS /therm/rest/getSensorData - RC: 200 0.495 ms
Tue, 01 Dec 2020 16:13:36 GMT 594 ::1 GET /therm/rest/getSensorData - RC: 200 852.649 ms
Tue, 01 Dec 2020 16:13:47 GMT 8 ::1 OPTIONS /therm/rest/getReleData - RC: 200 0.332 ms
Tue, 01 Dec 2020 16:13:48 GMT 1833 ::1 GET /therm/rest/getReleData - RC: 200 1110.084 ms
Tue, 01 Dec 2020 16:14:06 GMT 8 ::1 OPTIONS /therm/rest/getSensorData - RC: 200 0.529 ms
Tue, 01 Dec 2020 16:14:07 GMT 594 ::1 GET /therm/rest/getSensorData - RC: 200 924.474 ms
Tue, 01 Dec 2020 16:14:18 GMT 8 ::1 OPTIONS /therm/rest/getReleData - RC: 200 0.378 ms
Tue, 01 Dec 2020 16:14:19 GMT 1833 ::1 GET /therm/rest/getReleData - RC: 200 1125.077 ms
Tue, 01 Dec 2020 16:14:37 GMT 8 ::1 OPTIONS /therm/rest/getSensorData - RC: 200 0.342 ms
Tue, 01 Dec 2020 16:14:38 GMT 594 ::1 GET /therm/rest/getSensorData - RC: 200 817.364 ms
Tue, 01 Dec 2020 16:14:49 GMT 8 ::1 OPTIONS /therm/rest/getReleData - RC: 200 0.420 ms
Tue, 01 Dec 2020 16:14:50 GMT 1833 ::1 GET /therm/rest/getReleData - RC: 200 1131.684 ms
Tue, 01 Dec 2020 16:15:08 GMT 8 ::1 OPTIONS /therm/rest/getSensorData - RC: 200 0.418 ms
Tue, 01 Dec 2020 16:15:09 GMT 594 ::1 GET /therm/rest/getSensorData - RC: 200 806.014 ms
Tue, 01 Dec 2020 16:15:20 GMT 8 ::1 OPTIONS /therm/rest/getReleData - RC: 200 0.486 ms
Tue, 01 Dec 2020 16:15:21 GMT 1833 ::1 GET /therm/rest/getReleData - RC: 200 1108.256 ms
Tue, 01 Dec 2020 16:15:39 GMT 8 ::1 OPTIONS /therm/rest/getSensorData - RC: 200 0.355 ms
Tue, 01 Dec 2020 16:15:40 GMT 594 ::1 GET /therm/rest/getSensorData - RC: 200 812.364 ms
Tue, 01 Dec 2020 16:15:51 GMT 8 ::1 OPTIONS /therm/rest/getReleData - RC: 200 0.528 ms
Tue, 01 Dec 2020 16:15:52 GMT 1833 ::1 GET /therm/rest/getReleData - RC: 200 1110.930 ms
Tue, 01 Dec 2020 16:16:10 GMT 8 ::1 OPTIONS /therm/rest/getSensorData - RC: 200 0.516 ms
Tue, 01 Dec 2020 16:16:10 GMT 594 ::1 GET /therm/rest/getSensorData - RC: 200 811.397 ms
Tue, 01 Dec 2020 16:16:22 GMT 8 ::1 OPTIONS /therm/rest/getReleData - RC: 200 0.373 ms
Tue, 01 Dec 2020 16:16:23 GMT 1833 ::1 GET /therm/rest/getReleData - RC: 200 1147.502 ms
Tue, 01 Dec 2020 16:16:40 GMT 8 ::1 OPTIONS /therm/rest/getSensorData - RC: 200 0.361 ms
Tue, 01 Dec 2020 16:16:41 GMT 594 ::1 GET /therm/rest/getSensorData - RC: 200 817.111 ms
Tue, 01 Dec 2020 16:16:53 GMT 8 ::1 OPTIONS /therm/rest/getReleData - RC: 200 0.542 ms
Tue, 01 Dec 2020 16:16:55 GMT 1833 ::1 GET /therm/rest/getReleData - RC: 200 1173.814 ms
Tue, 01 Dec 2020 16:17:11 GMT 8 ::1 OPTIONS /therm/rest/getSensorData - RC: 200 0.352 ms
Tue, 01 Dec 2020 16:17:13 GMT 594 ::1 GET /therm/rest/getSensorData - RC: 200 1362.188 ms
Tue, 01 Dec 2020 16:17:25 GMT 8 ::1 OPTIONS /therm/rest/getReleData - RC: 200 0.380 ms
Tue, 01 Dec 2020 16:17:26 GMT 1833 ::1 GET /therm/rest/getReleData - RC: 200 1118.957 ms
Tue, 01 Dec 2020 16:17:43 GMT 8 ::1 OPTIONS /therm/rest/getSensorData - RC: 200 0.444 ms
Tue, 01 Dec 2020 16:17:43 GMT 594 ::1 GET /therm/rest/getSensorData - RC: 200 804.003 ms
Tue, 01 Dec 2020 16:17:56 GMT 8 ::1 OPTIONS /therm/rest/getReleData - RC: 200 0.357 ms
Tue, 01 Dec 2020 16:17:57 GMT 1833 ::1 GET /therm/rest/getReleData - RC: 200 1130.398 ms
Tue, 01 Dec 2020 16:18:13 GMT 8 ::1 OPTIONS /therm/rest/getSensorData - RC: 200 0.377 ms
Tue, 01 Dec 2020 16:18:15 GMT 594 ::1 GET /therm/rest/getSensorData - RC: 200 1368.026 ms
Tue, 01 Dec 2020 16:18:27 GMT 8 ::1 OPTIONS /therm/rest/getReleData - RC: 200 0.332 ms
Tue, 01 Dec 2020 16:18:28 GMT 1833 ::1 GET /therm/rest/getReleData - RC: 200 1129.776 ms
Tue, 01 Dec 2020 16:18:45 GMT 8 ::1 OPTIONS /therm/rest/getSensorData - RC: 200 0.381 ms
Tue, 01 Dec 2020 16:18:46 GMT 594 ::1 GET /therm/rest/getSensorData - RC: 200 830.392 ms
Tue, 01 Dec 2020 16:18:58 GMT 8 ::1 OPTIONS /therm/rest/getReleData - RC: 200 0.376 ms
Tue, 01 Dec 2020 16:19:00 GMT 1833 ::1 GET /therm/rest/getReleData - RC: 200 2192.195 ms
Tue, 01 Dec 2020 16:19:16 GMT 8 ::1 OPTIONS /therm/rest/getSensorData - RC: 200 0.419 ms
Tue, 01 Dec 2020 16:19:16 GMT 594 ::1 GET /therm/rest/getSensorData - RC: 200 820.986 ms
Tue, 01 Dec 2020 16:19:30 GMT 8 ::1 OPTIONS /therm/rest/getReleData - RC: 200 0.350 ms
Tue, 01 Dec 2020 16:19:31 GMT 1833 ::1 GET /therm/rest/getReleData - RC: 200 1155.226 ms
Tue, 01 Dec 2020 16:19:47 GMT 8 ::1 OPTIONS /therm/rest/getSensorData - RC: 200 0.618 ms
Tue, 01 Dec 2020 16:19:47 GMT 594 ::1 GET /therm/rest/getSensorData - RC: 200 869.608 ms
Tue, 01 Dec 2020 16:20:01 GMT 8 ::1 OPTIONS /therm/rest/getReleData - RC: 200 0.407 ms
Tue, 01 Dec 2020 16:20:03 GMT 1833 ::1 GET /therm/rest/getReleData - RC: 200 1142.831 ms
Tue, 01 Dec 2020 16:20:17 GMT 8 ::1 OPTIONS /therm/rest/getSensorData - RC: 200 0.399 ms
Tue, 01 Dec 2020 16:20:18 GMT 594 ::1 GET /therm/rest/getSensorData - RC: 200 799.093 ms
Tue, 01 Dec 2020 16:20:33 GMT 8 ::1 OPTIONS /therm/rest/getReleData - RC: 200 0.382 ms
Tue, 01 Dec 2020 16:20:34 GMT 1833 ::1 GET /therm/rest/getReleData - RC: 200 1160.756 ms
Tue, 01 Dec 2020 16:20:48 GMT 8 ::1 OPTIONS /therm/rest/getSensorData - RC: 200 0.452 ms
Tue, 01 Dec 2020 16:20:49 GMT 594 ::1 GET /therm/rest/getSensorData - RC: 200 805.047 ms
Tue, 01 Dec 2020 16:21:04 GMT 8 ::1 OPTIONS /therm/rest/getReleData - RC: 200 0.377 ms
Tue, 01 Dec 2020 16:21:05 GMT 1833 ::1 GET /therm/rest/getReleData - RC: 200 1114.582 ms
Tue, 01 Dec 2020 16:21:19 GMT 8 ::1 OPTIONS /therm/rest/getSensorData - RC: 200 0.404 ms
Tue, 01 Dec 2020 16:21:20 GMT 594 ::1 GET /therm/rest/getSensorData - RC: 200 806.985 ms
Tue, 01 Dec 2020 16:21:35 GMT 8 ::1 OPTIONS /therm/rest/getReleData - RC: 200 0.374 ms
Tue, 01 Dec 2020 16:21:36 GMT 1833 ::1 GET /therm/rest/getReleData - RC: 200 1101.261 ms
Tue, 01 Dec 2020 16:21:50 GMT 8 ::1 OPTIONS /therm/rest/getSensorData - RC: 200 0.516 ms
Tue, 01 Dec 2020 16:21:51 GMT 594 ::1 GET /therm/rest/getSensorData - RC: 200 1469.795 ms
Tue, 01 Dec 2020 16:22:06 GMT 8 ::1 OPTIONS /therm/rest/getReleData - RC: 200 0.440 ms
Tue, 01 Dec 2020 16:22:07 GMT 1833 ::1 GET /therm/rest/getReleData - RC: 200 1183.521 ms
Tue, 01 Dec 2020 16:22:21 GMT 8 ::1 OPTIONS /therm/rest/getSensorData - RC: 200 0.374 ms
Tue, 01 Dec 2020 16:22:22 GMT 594 ::1 GET /therm/rest/getSensorData - RC: 200 809.139 ms
Tue, 01 Dec 2020 16:22:37 GMT 8 ::1 OPTIONS /therm/rest/getReleData - RC: 200 0.313 ms
Tue, 01 Dec 2020 16:22:38 GMT 1833 ::1 GET /therm/rest/getReleData - RC: 200 1106.610 ms
Tue, 01 Dec 2020 16:29:27 GMT 8 ::1 OPTIONS /therm/rest/getSensorData - RC: 200 0.467 ms
Tue, 01 Dec 2020 16:29:27 GMT 8 ::1 OPTIONS /therm/rest/g/getReleData? - RC: 200 0.450 ms
Tue, 01 Dec 2020 16:29:28 GMT 594 ::1 GET /therm/rest/getSensorData - RC: 200 1117.052 ms
Tue, 01 Dec 2020 16:29:58 GMT 8 ::1 OPTIONS /therm/rest/getSensorData - RC: 200 0.391 ms
Tue, 01 Dec 2020 16:29:59 GMT 594 ::1 GET /therm/rest/getSensorData - RC: 200 1006.635 ms
Tue, 01 Dec 2020 16:30:07 GMT 28 ::1 GET /therm/rest/g/getReleData - RC: 500 0.770 ms
Tue, 01 Dec 2020 16:30:29 GMT 8 ::1 OPTIONS /therm/rest/getSensorData - RC: 200 0.352 ms
Tue, 01 Dec 2020 16:30:30 GMT 594 ::1 GET /therm/rest/getSensorData - RC: 200 1268.247 ms
Tue, 01 Dec 2020 16:31:00 GMT 8 ::1 OPTIONS /therm/rest/getSensorData - RC: 200 6.691 ms
Tue, 01 Dec 2020 16:31:01 GMT 594 ::1 GET /therm/rest/getSensorData - RC: 200 922.096 ms
Tue, 01 Dec 2020 16:31:31 GMT 8 ::1 OPTIONS /therm/rest/getSensorData - RC: 200 6.613 ms
Tue, 01 Dec 2020 16:31:32 GMT 594 ::1 GET /therm/rest/getSensorData - RC: 200 831.991 ms
Tue, 01 Dec 2020 16:31:43 GMT 8 ::1 OPTIONS /therm/rest/getSensorData - RC: 200 0.853 ms
Tue, 01 Dec 2020 16:31:43 GMT 8 ::1 OPTIONS /therm/rest/g/getReleData? - RC: 200 0.909 ms
Tue, 01 Dec 2020 16:32:26 GMT 594 ::1 GET /therm/rest/getSensorData - RC: 200 43043.851 ms
Tue, 01 Dec 2020 16:32:56 GMT 8 ::1 OPTIONS /therm/rest/getSensorData - RC: 200 0.529 ms
Tue, 01 Dec 2020 16:32:57 GMT 594 ::1 GET /therm/rest/getSensorData - RC: 200 989.266 ms
Tue, 01 Dec 2020 16:33:26 GMT - ::1 GET /therm/rest/g/getReleData? - RC: - - ms
Tue, 01 Dec 2020 16:33:36 GMT 8 ::1 OPTIONS /therm/rest/getSensorData - RC: 200 0.744 ms
Tue, 01 Dec 2020 16:33:36 GMT 8 ::1 OPTIONS /therm/rest/g/getReleData? - RC: 200 0.774 ms
Tue, 01 Dec 2020 16:33:58 GMT 594 ::1 GET /therm/rest/getSensorData - RC: 200 21992.767 ms
Tue, 01 Dec 2020 16:34:28 GMT 8 ::1 OPTIONS /therm/rest/getSensorData - RC: 200 0.563 ms
Tue, 01 Dec 2020 16:34:29 GMT 594 ::1 GET /therm/rest/getSensorData - RC: 200 832.708 ms
